<?xml version="1.0" encoding="UTF-8"?>
<testng-results ignored="0" total="1" passed="1" failed="0" skipped="0">
  <reporter-output>
  </reporter-output>
  <suite started-at="2024-11-08T10:13:43 PKT" name="Suite" finished-at="2024-11-08T10:13:50 PKT" duration-ms="7671">
    <groups>
      <group name="Sanity">
        <method signature="TC002_LoginTest.verify_login()[pri:0, instance:testCase.TC002_LoginTest@37ddb69a]" name="verify_login" class="testCase.TC002_LoginTest"/>
      </group> <!-- Sanity -->
      <group name="master">
        <method signature="TC002_LoginTest.verify_login()[pri:0, instance:testCase.TC002_LoginTest@37ddb69a]" name="verify_login" class="testCase.TC002_LoginTest"/>
      </group> <!-- master -->
    </groups>
    <test started-at="2024-11-08T10:13:43 PKT" name="Test" finished-at="2024-11-08T10:13:50 PKT" duration-ms="7671">
      <class name="testCase.TC002_LoginTest">
        <test-method is-config="true" signature="setup(java.lang.String,java.lang.String)[pri:0, instance:testCase.TC002_LoginTest@37ddb69a]" started-at="2024-11-08T10:13:43 PKT" name="setup" finished-at="2024-11-08T10:13:48 PKT" duration-ms="4958" status="PASS">
          <params>
            <param index="0">
              <value>
                <![CDATA[windows]]>
              </value>
            </param>
            <param index="1">
              <value>
                <![CDATA[chrome]]>
              </value>
            </param>
          </params>
          <reporter-output>
          </reporter-output>
        </test-method> <!-- setup -->
        <test-method signature="verify_login()[pri:0, instance:testCase.TC002_LoginTest@37ddb69a]" started-at="2024-11-08T10:13:48 PKT" name="verify_login" finished-at="2024-11-08T10:13:50 PKT" duration-ms="1979" status="PASS">
          <reporter-output>
          </reporter-output>
        </test-method> <!-- verify_login -->
        <test-method is-config="true" signature="teardown()[pri:0, instance:testCase.TC002_LoginTest@37ddb69a]" started-at="2024-11-08T10:13:50 PKT" name="teardown" finished-at="2024-11-08T10:13:50 PKT" duration-ms="259" status="PASS">
          <reporter-output>
          </reporter-output>
        </test-method> <!-- teardown -->
      </class> <!-- testCase.TC002_LoginTest -->
    </test> <!-- Test -->
  </suite> <!-- Suite -->
</testng-results>
